28152
7620
366320
270712
259272
100448
270906
11500
154934
237770
106898
251370
192699
97858
160160
223560
24288
45652
176290
92208
257660
121452
7299
311880
293447
82938
419608
94677
217404
397900
453
148544
276318
70896
153636
267954
262297
137484
86982
151158
6231
68040
24232
119520
43780
120304
186030
106168
222372
303142
38540
304436
28920
298284
118295
517714
40812
160227
575051
58539
302840
20394
241782
613820
65946
91471
388974
7650
932715
397152
575148
375192
76752
39597
99099
5675
329825
156348
130734
109060
281990
440220
114228
388077
257705
425828
18942
410795
106808
37492
384020
329284
7336
486813
170114
24450
544880
37054
926885
53400
